<?xml version="1.0" encoding="UTF-8"?>
<coverage generated="1656315925552" clover="3.2.0">
  <project timestamp="1656315925552" name="All files">
    <metrics statements="21" coveredstatements="8" conditionals="4" coveredconditionals="0" methods="8" coveredmethods="2" elements="33" coveredelements="10" complexity="0" loc="21" ncloc="21" packages="2" files="2" classes="2"/>
    <package name="configs">
      <metrics statements="4" coveredstatements="4" conditionals="0" coveredconditionals="0" methods="0" coveredmethods="0"/>
      <file name="db.config.js" path="C:\Users\mnazrin_y\Desktop\testreactexpress\src\configs\db.config.js">
        <metrics statements="4" coveredstatements="4" conditionals="0" coveredconditionals="0" methods="0" coveredmethods="0"/>
        <line num="1" count="1" type="stmt"/>
        <line num="2" count="1" type="stmt"/>
        <line num="12" count="1" type="stmt"/>
        <line num="13" count="1" type="stmt"/>
      </file>
    </package>
    <package name="controllers">
      <metrics statements="17" coveredstatements="4" conditionals="4" coveredconditionals="0" methods="8" coveredmethods="2"/>
      <file name="dataQuery.controller.js" path="C:\Users\mnazrin_y\Desktop\testreactexpress\src\controllers\dataQuery.controller.js">
        <metrics statements="17" coveredstatements="4" conditionals="4" coveredconditionals="0" methods="8" coveredmethods="2"/>
        <line num="3" count="1" type="stmt"/>
        <line num="9" count="1" type="stmt"/>
        <line num="22" count="1" type="stmt"/>
        <line num="23" count="0" type="cond" truecount="0" falsecount="2"/>
        <line num="24" count="0" type="stmt"/>
        <line num="26" count="0" type="stmt"/>
        <line num="34" count="0" type="stmt"/>
        <line num="35" count="0" type="stmt"/>
        <line num="44" count="0" type="stmt"/>
        <line num="48" count="0" type="stmt"/>
        <line num="55" count="0" type="stmt"/>
        <line num="56" count="0" type="stmt"/>
        <line num="58" count="0" type="stmt"/>
        <line num="62" count="0" type="cond" truecount="0" falsecount="2"/>
        <line num="63" count="0" type="stmt"/>
        <line num="65" count="0" type="stmt"/>
        <line num="71" count="1" type="stmt"/>
      </file>
    </package>
  </project>
</coverage>
