<?xml version="1.0" encoding="UTF-8"?>
<coverage generated="1656404426893" clover="3.2.0">
  <project timestamp="1656404426894" name="All files">
    <metrics statements="25" coveredstatements="12" conditionals="8" coveredconditionals="3" methods="10" coveredmethods="5" elements="43" coveredelements="20" complexity="0" loc="25" ncloc="25" packages="2" files="2" classes="2"/>
    <package name="configs">
      <metrics statements="4" coveredstatements="4" conditionals="0" coveredconditionals="0" methods="0" coveredmethods="0"/>
      <file name="db.config.js" path="C:\Users\mnazrin_y\Desktop\testreactexpress\src\configs\db.config.js">
        <metrics statements="4" coveredstatements="4" conditionals="0" coveredconditionals="0" methods="0" coveredmethods="0"/>
        <line num="1" count="1" type="stmt"/>
        <line num="2" count="1" type="stmt"/>
        <line num="12" count="1" type="stmt"/>
        <line num="13" count="1" type="stmt"/>
      </file>
    </package>
    <package name="controllers">
      <metrics statements="21" coveredstatements="8" conditionals="8" coveredconditionals="3" methods="10" coveredmethods="5"/>
      <file name="dataQuery.controller.js" path="C:\Users\mnazrin_y\Desktop\testreactexpress\src\controllers\dataQuery.controller.js">
        <metrics statements="21" coveredstatements="8" conditionals="8" coveredconditionals="3" methods="10" coveredmethods="5"/>
        <line num="3" count="1" type="stmt"/>
        <line num="9" count="1" type="stmt"/>
        <line num="13" count="3" type="cond" truecount="2" falsecount="0"/>
        <line num="18" count="1" type="cond" truecount="1" falsecount="1"/>
        <line num="19" count="1" type="stmt"/>
        <line num="20" count="0" type="stmt"/>
        <line num="34" count="1" type="stmt"/>
        <line num="35" count="0" type="cond" truecount="0" falsecount="2"/>
        <line num="36" count="0" type="stmt"/>
        <line num="38" count="0" type="stmt"/>
        <line num="46" count="1" type="stmt"/>
        <line num="47" count="0" type="stmt"/>
        <line num="56" count="0" type="stmt"/>
        <line num="60" count="0" type="stmt"/>
        <line num="67" count="0" type="stmt"/>
        <line num="68" count="0" type="stmt"/>
        <line num="70" count="0" type="stmt"/>
        <line num="74" count="0" type="cond" truecount="0" falsecount="2"/>
        <line num="75" count="0" type="stmt"/>
        <line num="77" count="0" type="stmt"/>
        <line num="83" count="1" type="stmt"/>
      </file>
    </package>
  </project>
</coverage>
