{"C:\\Users\\mnazrin_y\\Desktop\\testreactexpress\\src\\configs\\db.config.js": {"path":"C:\\Users\\mnazrin_y\\Desktop\\testreactexpress\\src\\configs\\db.config.js","statementMap":{"0":{"start":{"line":1,"column":13},"end":{"line":1,"column":31}},"1":{"start":{"line":2,"column":13},"end":{"line":11,"column":2}},"2":{"start":{"line":12,"column":0},"end":{"line":12,"column":15}},"3":{"start":{"line":13,"column":0},"end":{"line":13,"column":22}}},"fnMap":{},"branchMap":{},"s":{"0":1,"1":1,"2":1,"3":1},"f":{},"b":{},"_coverageSchema":"1a1c01bbd47fc00a2c39e90264f33305004495a9","hash":"9fda67c59e481af6053f6c9a95c7fda392bd4b16"}
,"C:\\Users\\mnazrin_y\\Desktop\\testreactexpress\\src\\controllers\\dataQuery.controller.js": {"path":"C:\\Users\\mnazrin_y\\Desktop\\testreactexpress\\src\\controllers\\dataQuery.controller.js","statementMap":{"0":{"start":{"line":3,"column":13},"end":{"line":3,"column":44}},"1":{"start":{"line":9,"column":2},"end":{"line":9,"column":15}},"2":{"start":{"line":13,"column":2},"end":{"line":13,"column":44}},"3":{"start":{"line":18,"column":2},"end":{"line":22,"column":3}},"4":{"start":{"line":19,"column":4},"end":{"line":21,"column":5}},"5":{"start":{"line":20,"column":6},"end":{"line":20,"column":39}},"6":{"start":{"line":34,"column":4},"end":{"line":39,"column":6}},"7":{"start":{"line":35,"column":6},"end":{"line":37,"column":7}},"8":{"start":{"line":36,"column":8},"end":{"line":36,"column":19}},"9":{"start":{"line":38,"column":6},"end":{"line":38,"column":45}},"10":{"start":{"line":46,"column":85},"end":{"line":46,"column":97}},"11":{"start":{"line":47,"column":2},"end":{"line":47,"column":28}},"12":{"start":{"line":56,"column":2},"end":{"line":61,"column":6}},"13":{"start":{"line":60,"column":6},"end":{"line":60,"column":47}},"14":{"start":{"line":67,"column":13},"end":{"line":67,"column":40}},"15":{"start":{"line":68,"column":26},"end":{"line":68,"column":38}},"16":{"start":{"line":70,"column":2},"end":{"line":79,"column":3}},"17":{"start":{"line":74,"column":6},"end":{"line":76,"column":7}},"18":{"start":{"line":75,"column":8},"end":{"line":75,"column":19}},"19":{"start":{"line":77,"column":6},"end":{"line":77,"column":63}},"20":{"start":{"line":83,"column":0},"end":{"line":90,"column":1}}},"fnMap":{"0":{"name":"testUnit","decl":{"start":{"line":8,"column":9},"end":{"line":8,"column":17}},"loc":{"start":{"line":8,"column":24},"end":{"line":10,"column":1}},"line":8},"1":{"name":"testAnother","decl":{"start":{"line":12,"column":9},"end":{"line":12,"column":20}},"loc":{"start":{"line":12,"column":24},"end":{"line":14,"column":1}},"line":12},"2":{"name":"testIfElse","decl":{"start":{"line":16,"column":9},"end":{"line":16,"column":19}},"loc":{"start":{"line":16,"column":25},"end":{"line":23,"column":1}},"line":16},"3":{"name":"(anonymous_3)","decl":{"start":{"line":19,"column":13},"end":{"line":19,"column":14}},"loc":{"start":{"line":19,"column":33},"end":{"line":21,"column":5}},"line":19},"4":{"name":"selectAll","decl":{"start":{"line":32,"column":15},"end":{"line":32,"column":24}},"loc":{"start":{"line":32,"column":44},"end":{"line":40,"column":3}},"line":32},"5":{"name":"(anonymous_5)","decl":{"start":{"line":34,"column":43},"end":{"line":34,"column":44}},"loc":{"start":{"line":34,"column":63},"end":{"line":39,"column":5}},"line":34},"6":{"name":"createRow","decl":{"start":{"line":44,"column":15},"end":{"line":44,"column":24}},"loc":{"start":{"line":44,"column":44},"end":{"line":63,"column":1}},"line":44},"7":{"name":"(anonymous_7)","decl":{"start":{"line":59,"column":11},"end":{"line":59,"column":12}},"loc":{"start":{"line":59,"column":18},"end":{"line":61,"column":5}},"line":59},"8":{"name":"updateRow","decl":{"start":{"line":65,"column":15},"end":{"line":65,"column":24}},"loc":{"start":{"line":65,"column":50},"end":{"line":81,"column":1}},"line":65},"9":{"name":"(anonymous_9)","decl":{"start":{"line":73,"column":4},"end":{"line":73,"column":5}},"loc":{"start":{"line":73,"column":24},"end":{"line":78,"column":5}},"line":73}},"branchMap":{"0":{"loc":{"start":{"line":13,"column":9},"end":{"line":13,"column":43}},"type":"cond-expr","locations":[{"start":{"line":13,"column":17},"end":{"line":13,"column":18}},{"start":{"line":13,"column":21},"end":{"line":13,"column":43}}],"line":13},"1":{"loc":{"start":{"line":18,"column":2},"end":{"line":22,"column":3}},"type":"if","locations":[{"start":{"line":18,"column":2},"end":{"line":22,"column":3}},{"start":{},"end":{}}],"line":18},"2":{"loc":{"start":{"line":35,"column":6},"end":{"line":37,"column":7}},"type":"if","locations":[{"start":{"line":35,"column":6},"end":{"line":37,"column":7}},{"start":{},"end":{}}],"line":35},"3":{"loc":{"start":{"line":74,"column":6},"end":{"line":76,"column":7}},"type":"if","locations":[{"start":{"line":74,"column":6},"end":{"line":76,"column":7}},{"start":{},"end":{}}],"line":74}},"s":{"0":1,"1":1,"2":3,"3":1,"4":1,"5":0,"6":1,"7":0,"8":0,"9":0,"10":1,"11":0,"12":0,"13":0,"14":0,"15":0,"16":0,"17":0,"18":0,"19":0,"20":1},"f":{"0":1,"1":3,"2":1,"3":0,"4":1,"5":0,"6":1,"7":0,"8":0,"9":0},"b":{"0":[1,2],"1":[1,0],"2":[0,0],"3":[0,0]},"_coverageSchema":"1a1c01bbd47fc00a2c39e90264f33305004495a9","hash":"f3cdfd2f21faa680b4dae82d4a6e13ac2b4fdff5"}
}
