{"C:\\Users\\mnazrin_y\\Desktop\\testreactexpress\\src\\configs\\db.config.js": {"path":"C:\\Users\\mnazrin_y\\Desktop\\testreactexpress\\src\\configs\\db.config.js","statementMap":{"0":{"start":{"line":2,"column":13},"end":{"line":2,"column":31}},"1":{"start":{"line":3,"column":13},"end":{"line":12,"column":2}},"2":{"start":{"line":13,"column":0},"end":{"line":13,"column":15}},"3":{"start":{"line":14,"column":0},"end":{"line":14,"column":22}}},"fnMap":{},"branchMap":{},"s":{"0":1,"1":1,"2":1,"3":1},"f":{},"b":{},"_coverageSchema":"1a1c01bbd47fc00a2c39e90264f33305004495a9","hash":"29e53194bb9e21942e90951b3d152d95b8520bf6"}
,"C:\\Users\\mnazrin_y\\Desktop\\testreactexpress\\src\\controllers\\dataQuery.controller.js": {"path":"C:\\Users\\mnazrin_y\\Desktop\\testreactexpress\\src\\controllers\\dataQuery.controller.js","statementMap":{"0":{"start":{"line":3,"column":13},"end":{"line":3,"column":44}},"1":{"start":{"line":9,"column":2},"end":{"line":9,"column":15}},"2":{"start":{"line":18,"column":4},"end":{"line":23,"column":6}},"3":{"start":{"line":19,"column":6},"end":{"line":21,"column":7}},"4":{"start":{"line":20,"column":8},"end":{"line":20,"column":19}},"5":{"start":{"line":22,"column":6},"end":{"line":22,"column":45}},"6":{"start":{"line":30,"column":85},"end":{"line":30,"column":97}},"7":{"start":{"line":31,"column":2},"end":{"line":31,"column":28}},"8":{"start":{"line":40,"column":2},"end":{"line":45,"column":6}},"9":{"start":{"line":44,"column":6},"end":{"line":44,"column":47}},"10":{"start":{"line":51,"column":13},"end":{"line":51,"column":40}},"11":{"start":{"line":52,"column":26},"end":{"line":52,"column":38}},"12":{"start":{"line":54,"column":2},"end":{"line":63,"column":3}},"13":{"start":{"line":58,"column":6},"end":{"line":60,"column":7}},"14":{"start":{"line":59,"column":8},"end":{"line":59,"column":19}},"15":{"start":{"line":61,"column":6},"end":{"line":61,"column":63}},"16":{"start":{"line":67,"column":0},"end":{"line":72,"column":1}}},"fnMap":{"0":{"name":"testUnit","decl":{"start":{"line":8,"column":9},"end":{"line":8,"column":17}},"loc":{"start":{"line":8,"column":24},"end":{"line":10,"column":1}},"line":8},"1":{"name":"selectAll","decl":{"start":{"line":16,"column":15},"end":{"line":16,"column":24}},"loc":{"start":{"line":16,"column":44},"end":{"line":24,"column":3}},"line":16},"2":{"name":"(anonymous_2)","decl":{"start":{"line":18,"column":43},"end":{"line":18,"column":44}},"loc":{"start":{"line":18,"column":63},"end":{"line":23,"column":5}},"line":18},"3":{"name":"createRow","decl":{"start":{"line":28,"column":15},"end":{"line":28,"column":24}},"loc":{"start":{"line":28,"column":44},"end":{"line":47,"column":1}},"line":28},"4":{"name":"(anonymous_4)","decl":{"start":{"line":43,"column":11},"end":{"line":43,"column":12}},"loc":{"start":{"line":43,"column":18},"end":{"line":45,"column":5}},"line":43},"5":{"name":"updateRow","decl":{"start":{"line":49,"column":15},"end":{"line":49,"column":24}},"loc":{"start":{"line":49,"column":50},"end":{"line":65,"column":1}},"line":49},"6":{"name":"(anonymous_6)","decl":{"start":{"line":57,"column":4},"end":{"line":57,"column":5}},"loc":{"start":{"line":57,"column":24},"end":{"line":62,"column":5}},"line":57}},"branchMap":{"0":{"loc":{"start":{"line":19,"column":6},"end":{"line":21,"column":7}},"type":"if","locations":[{"start":{"line":19,"column":6},"end":{"line":21,"column":7}},{"start":{},"end":{}}],"line":19},"1":{"loc":{"start":{"line":58,"column":6},"end":{"line":60,"column":7}},"type":"if","locations":[{"start":{"line":58,"column":6},"end":{"line":60,"column":7}},{"start":{},"end":{}}],"line":58}},"s":{"0":1,"1":1,"2":0,"3":0,"4":0,"5":0,"6":0,"7":0,"8":0,"9":0,"10":0,"11":0,"12":0,"13":0,"14":0,"15":0,"16":1},"f":{"0":1,"1":0,"2":0,"3":0,"4":0,"5":0,"6":0},"b":{"0":[0,0],"1":[0,0]},"_coverageSchema":"1a1c01bbd47fc00a2c39e90264f33305004495a9","hash":"9229369abc12fa095f0c81df174eedfca30381ea"}
}
