TN:
SF:src\configs\db.config.js
FNF:0
FNH:0
DA:1,1
DA:2,1
DA:12,1
DA:13,1
LF:4
LH:4
BRF:0
BRH:0
end_of_record
TN:
SF:src\controllers\dataQuery.controller.js
FN:8,testUnit
FN:12,testAnother
FN:22,selectAll
FN:24,(anonymous_3)
FN:34,createRow
FN:49,(anonymous_5)
FN:55,updateRow
FN:63,(anonymous_7)
FNF:8
FNH:4
FNDA:1,testUnit
FNDA:3,testAnother
FNDA:1,selectAll
FNDA:0,(anonymous_3)
FNDA:1,createRow
FNDA:0,(anonymous_5)
FNDA:0,updateRow
FNDA:0,(anonymous_7)
DA:3,1
DA:9,1
DA:13,3
DA:24,1
DA:25,0
DA:26,0
DA:28,0
DA:36,1
DA:37,0
DA:46,0
DA:50,0
DA:57,0
DA:58,0
DA:60,0
DA:64,0
DA:65,0
DA:67,0
DA:73,1
LF:18
LH:6
BRDA:13,0,0,1
BRDA:13,0,1,2
BRDA:25,1,0,0
BRDA:25,1,1,0
BRDA:64,2,0,0
BRDA:64,2,1,0
BRF:6
BRH:2
end_of_record
