TN:
SF:src\configs\db.config.js
FNF:0
FNH:0
DA:1,1
DA:2,1
DA:12,1
DA:13,1
LF:4
LH:4
BRF:0
BRH:0
end_of_record
TN:
SF:src\controllers\dataQuery.controller.js
FN:8,testUnit
FN:12,testAnother
FN:16,testIfElse
FN:19,(anonymous_3)
FN:32,selectAll
FN:34,(anonymous_5)
FN:44,createRow
FN:59,(anonymous_7)
FN:65,updateRow
FN:73,(anonymous_9)
FNF:10
FNH:5
FNDA:1,testUnit
FNDA:3,testAnother
FNDA:1,testIfElse
FNDA:0,(anonymous_3)
FNDA:1,selectAll
FNDA:0,(anonymous_5)
FNDA:1,createRow
FNDA:0,(anonymous_7)
FNDA:0,updateRow
FNDA:0,(anonymous_9)
DA:3,1
DA:9,1
DA:13,3
DA:18,1
DA:19,1
DA:20,0
DA:34,1
DA:35,0
DA:36,0
DA:38,0
DA:46,1
DA:47,0
DA:56,0
DA:60,0
DA:67,0
DA:68,0
DA:70,0
DA:74,0
DA:75,0
DA:77,0
DA:83,1
LF:21
LH:8
BRDA:13,0,0,1
BRDA:13,0,1,2
BRDA:18,1,0,1
BRDA:18,1,1,0
BRDA:35,2,0,0
BRDA:35,2,1,0
BRDA:74,3,0,0
BRDA:74,3,1,0
BRF:8
BRH:3
end_of_record
